<?xml version="1.0" encoding="UTF-8"?>
<testng-results ignored="0" total="1" passed="1" failed="0" skipped="0">
  <reporter-output>
  </reporter-output>
  <suite started-at="2025-09-08T14:13:19 IST" name="Default suite" finished-at="2025-09-08T14:13:19 IST" duration-ms="37">
    <groups>
    </groups>
    <test started-at="2025-09-08T14:13:19 IST" name="Default test" finished-at="2025-09-08T14:13:19 IST" duration-ms="37">
      <class name="rits.testng">
        <test-method signature="name()[pri:0, instance:rits.testng@6771beb3]" started-at="2025-09-08T14:13:19 IST" name="name" finished-at="2025-09-08T14:13:19 IST" duration-ms="7" status="PASS">
          <reporter-output>
          </reporter-output>
        </test-method> <!-- name -->
      </class> <!-- rits.testng -->
    </test> <!-- Default test -->
  </suite> <!-- Default suite -->
</testng-results>
